<?xml version="1.0" encoding="UTF-8"?>
<testsuite name="memory.MemoryFinderTest" tests="1" skipped="0" failures="0" errors="0" timestamp="2024-05-22T08:35:18" hostname="DESKTOP-1HBBLO5" time="0.221">
  <properties/>
  <testcase name="get()" classname="memory.MemoryFinderTest" time="0.221"/>
  <system-out><![CDATA[]]></system-out>
  <system-err><![CDATA[]]></system-err>
</testsuite>
